<?xml version="1.0" encoding="UTF-8"?>
<testng-results ignored="0" total="1" passed="1" failed="0" skipped="0">
  <reporter-output>
  </reporter-output>
  <suite started-at="2026-04-22T17:50:50 IST" name="Default suite" finished-at="2026-04-22T17:51:09 IST" duration-ms="18990">
    <groups>
    </groups>
    <test started-at="2026-04-22T17:50:50 IST" name="Default test" finished-at="2026-04-22T17:51:09 IST" duration-ms="18990">
      <class name="hrms_project.Login_Page">
        <test-method signature="prog()[pri:0, instance:hrms_project.Login_Page@6302bbb1]" started-at="2026-04-22T17:50:50 IST" name="prog" finished-at="2026-04-22T17:51:09 IST" duration-ms="18907" status="PASS">
          <reporter-output>
          </reporter-output>
        </test-method> <!-- prog -->
      </class> <!-- hrms_project.Login_Page -->
    </test> <!-- Default test -->
  </suite> <!-- Default suite -->
</testng-results>
